<?xml version="1.0" encoding="UTF-8"?>
<!-- Generated by org.testng.reporters.JUnitReportReporter -->
<testsuite skipped="0" hostname="DESKTOP-0T83G33" name="TestPackage.day1" tests="2" failures="0" timestamp="2022-03-30T13:56:11 AEDT" time="0.028" errors="0">
  <testcase name="login" time="0.002" classname="TestPackage.day1"/>
  <system-out/>
  <testcase name="HighRisk" time="0.026" classname="TestPackage.day1"/>
  <system-out/>
</testsuite> <!-- TestPackage.day1 -->
